2023-04-10 15:46:58.921 INFO  (main) [   ] o.e.j.u.log Logging initialized @1993ms to org.eclipse.jetty.util.log.Slf4jLog
2023-04-10 15:46:59.118 INFO  (main) [   ] o.e.j.s.Server jetty-9.4.44.v20210927; built: 2021-09-27T23:02:44.612Z; git: 8da83308eeca865e495e53ef315a249d63ba9332; jvm 18.0.1.1+2-6
2023-04-10 15:46:59.127 INFO  (main) [   ] o.e.j.d.p.ScanningAppProvider Deployment monitor [file:///D:/solr%20workshop/solr-8.11.1/server/contexts/] at interval 0
2023-04-10 15:46:59.496 INFO  (main) [   ] o.e.j.w.StandardDescriptorProcessor NO JSP Support for /solr, did not find org.apache.jasper.servlet.JspServlet
2023-04-10 15:46:59.507 INFO  (main) [   ] o.e.j.s.session DefaultSessionIdManager workerName=node0
2023-04-10 15:46:59.507 INFO  (main) [   ] o.e.j.s.session No SessionScavenger set, using defaults
2023-04-10 15:46:59.509 INFO  (main) [   ] o.e.j.s.session node0 Scavenging every 660000ms
2023-04-10 15:46:59.559 INFO  (main) [   ] o.a.s.s.SolrDispatchFilter Using logger factory org.apache.logging.slf4j.Log4jLoggerFactory
2023-04-10 15:46:59.563 INFO  (main) [   ] o.a.s.s.SolrDispatchFilter  ___      _       Welcome to Apache Solr™ version 8.11.1
2023-04-10 15:46:59.563 INFO  (main) [   ] o.a.s.s.SolrDispatchFilter / __| ___| |_ _   Starting in standalone mode on port 8983
2023-04-10 15:46:59.563 INFO  (main) [   ] o.a.s.s.SolrDispatchFilter \__ \/ _ \ | '_|  Install dir: D:\solr workshop\solr-8.11.1
2023-04-10 15:46:59.563 INFO  (main) [   ] o.a.s.s.SolrDispatchFilter |___/\___/_|_|    Start time: 2023-04-10T15:46:59.563410300Z
2023-04-10 15:46:59.570 INFO  (main) [   ] o.a.s.c.SolrPaths Using system property solr.solr.home: D:\solr workshop\solr-8.11.1\server\solr
2023-04-10 15:46:59.570 INFO  (main) [   ] o.a.s.c.SolrXmlConfig Loading container configuration from D:\solr workshop\solr-8.11.1\server\solr\solr.xml
2023-04-10 15:46:59.633 INFO  (main) [   ] o.a.s.c.SolrXmlConfig MBean server found: com.sun.jmx.mbeanserver.JmxMBeanServer@29f7cefd, but no JMX reporters were configured - adding default JMX reporter.
2023-04-10 15:47:00.051 INFO  (main) [   ] o.a.s.h.c.HttpShardHandlerFactory Host whitelist initialized: WhitelistHostChecker [whitelistHosts=null, whitelistHostCheckingEnabled=true]
2023-04-10 15:47:00.195 WARN  (main) [   ] o.e.j.u.s.S.config Trusting all certificates configured for Client@8f2098e[provider=null,keyStore=null,trustStore=null]
2023-04-10 15:47:00.195 WARN  (main) [   ] o.e.j.u.s.S.config No Client EndPointIdentificationAlgorithm configured for Client@8f2098e[provider=null,keyStore=null,trustStore=null]
2023-04-10 15:47:00.279 WARN  (main) [   ] o.e.j.u.s.S.config Trusting all certificates configured for Client@4f0f7849[provider=null,keyStore=null,trustStore=null]
2023-04-10 15:47:00.279 WARN  (main) [   ] o.e.j.u.s.S.config No Client EndPointIdentificationAlgorithm configured for Client@4f0f7849[provider=null,keyStore=null,trustStore=null]
2023-04-10 15:47:00.314 WARN  (main) [   ] o.a.s.c.CoreContainer Not all security plugins configured!  authentication=disabled authorization=disabled.  Solr is only as secure as you make it. Consider configuring authentication/authorization before exposing Solr to users internal or external.  See https://s.apache.org/solrsecurity for more info
2023-04-10 15:47:00.401 INFO  (main) [   ] o.a.s.c.TransientSolrCoreCacheDefault Allocating transient core cache for max 2147483647 cores with initial capacity of 1024
2023-04-10 15:47:00.410 INFO  (main) [   ] o.a.s.h.a.MetricsHistoryHandler No .system collection, keeping metrics history in memory.
2023-04-10 15:47:00.453 INFO  (main) [   ] o.a.s.m.r.SolrJmxReporter JMX monitoring for 'solr.node' (registry 'solr.node') enabled at server: com.sun.jmx.mbeanserver.JmxMBeanServer@29f7cefd
2023-04-10 15:47:00.454 INFO  (main) [   ] o.a.s.m.r.SolrJmxReporter JMX monitoring for 'solr.jvm' (registry 'solr.jvm') enabled at server: com.sun.jmx.mbeanserver.JmxMBeanServer@29f7cefd
2023-04-10 15:47:00.454 INFO  (main) [   ] o.a.s.m.r.SolrJmxReporter JMX monitoring for 'solr.jetty' (registry 'solr.jetty') enabled at server: com.sun.jmx.mbeanserver.JmxMBeanServer@29f7cefd
2023-04-10 15:47:00.496 INFO  (main) [   ] o.a.s.c.CorePropertiesLocator Found 3 core definitions underneath D:\solr workshop\solr-8.11.1\server\solr
2023-04-10 15:47:00.497 INFO  (main) [   ] o.a.s.c.CorePropertiesLocator Cores are: [anime, danainanch, test]
2023-04-10 15:47:00.531 INFO  (coreLoadExecutor-13-thread-2) [   x:danainanch] o.a.s.c.SolrConfig Using Lucene MatchVersion: 8.11.1
2023-04-10 15:47:00.531 INFO  (coreLoadExecutor-13-thread-1) [   x:anime] o.a.s.c.SolrConfig Using Lucene MatchVersion: 8.11.1
2023-04-10 15:47:00.531 INFO  (coreLoadExecutor-13-thread-3) [   x:test] o.a.s.c.SolrConfig Using Lucene MatchVersion: 8.11.1
2023-04-10 15:47:00.555 WARN  (coreLoadExecutor-13-thread-1) [   x:anime] o.a.s.c.SolrConfig solrconfig.xml: <jmx> is no longer supported, use solr.xml:/metrics/reporter section instead
2023-04-10 15:47:00.555 WARN  (coreLoadExecutor-13-thread-2) [   x:danainanch] o.a.s.c.SolrConfig solrconfig.xml: <jmx> is no longer supported, use solr.xml:/metrics/reporter section instead
2023-04-10 15:47:00.555 WARN  (coreLoadExecutor-13-thread-3) [   x:test] o.a.s.c.SolrConfig solrconfig.xml: <jmx> is no longer supported, use solr.xml:/metrics/reporter section instead
2023-04-10 15:47:00.599 INFO  (coreLoadExecutor-13-thread-2) [   x:danainanch] o.a.s.s.IndexSchema Schema name=default-config
2023-04-10 15:47:00.599 INFO  (coreLoadExecutor-13-thread-3) [   x:test] o.a.s.s.IndexSchema Schema name=default-config
2023-04-10 15:47:00.599 INFO  (coreLoadExecutor-13-thread-1) [   x:anime] o.a.s.s.IndexSchema Schema name=default-config
2023-04-10 15:47:00.752 INFO  (main) [   ] o.e.j.s.h.ContextHandler Started o.e.j.w.WebAppContext@4b6579e8{/solr,file:///D:/solr%20workshop/solr-8.11.1/server/solr-webapp/webapp/,AVAILABLE}{D:\solr workshop\solr-8.11.1\server/solr-webapp/webapp}
2023-04-10 15:47:00.766 INFO  (main) [   ] o.e.j.s.AbstractConnector Started ServerConnector@792bbc74{HTTP/1.1, (http/1.1, h2c)}{0.0.0.0:8983}
2023-04-10 15:47:00.766 INFO  (main) [   ] o.e.j.s.Server Started @3841ms
2023-04-10 15:47:00.796 WARN  (coreLoadExecutor-13-thread-1) [   x:anime] o.a.s.s.AbstractSpatialPrefixTreeFieldType FieldType SpatialRecursivePrefixTreeFieldType does not allow omitNorms to be specified in schema, hardcoded behavior is omitNorms=true
2023-04-10 15:47:00.796 WARN  (coreLoadExecutor-13-thread-1) [   x:anime] o.a.s.s.AbstractSpatialPrefixTreeFieldType FieldType SpatialRecursivePrefixTreeFieldType does not allow omitTermFreqAndPositions to be specified in schema, hardcoded behavior is omitTermFreqAndPositions=true
2023-04-10 15:47:00.796 WARN  (coreLoadExecutor-13-thread-1) [   x:anime] o.a.s.s.AbstractSpatialPrefixTreeFieldType FieldType SpatialRecursivePrefixTreeFieldType does not allow termOffsets to be specified in schema, hardcoded behavior is termOffsets=false
2023-04-10 15:47:00.796 WARN  (coreLoadExecutor-13-thread-1) [   x:anime] o.a.s.s.AbstractSpatialPrefixTreeFieldType FieldType SpatialRecursivePrefixTreeFieldType does not allow termPositions to be specified in schema, hardcoded behavior is termPositions=false
2023-04-10 15:47:00.796 WARN  (coreLoadExecutor-13-thread-1) [   x:anime] o.a.s.s.AbstractSpatialPrefixTreeFieldType FieldType SpatialRecursivePrefixTreeFieldType does not allow omitPositions to be specified in schema, hardcoded behavior is omitPositions=true
2023-04-10 15:47:00.797 WARN  (coreLoadExecutor-13-thread-3) [   x:test] o.a.s.s.AbstractSpatialPrefixTreeFieldType FieldType SpatialRecursivePrefixTreeFieldType does not allow omitNorms to be specified in schema, hardcoded behavior is omitNorms=true
2023-04-10 15:47:00.797 WARN  (coreLoadExecutor-13-thread-3) [   x:test] o.a.s.s.AbstractSpatialPrefixTreeFieldType FieldType SpatialRecursivePrefixTreeFieldType does not allow omitTermFreqAndPositions to be specified in schema, hardcoded behavior is omitTermFreqAndPositions=true
2023-04-10 15:47:00.797 WARN  (coreLoadExecutor-13-thread-3) [   x:test] o.a.s.s.AbstractSpatialPrefixTreeFieldType FieldType SpatialRecursivePrefixTreeFieldType does not allow termOffsets to be specified in schema, hardcoded behavior is termOffsets=false
2023-04-10 15:47:00.797 WARN  (coreLoadExecutor-13-thread-3) [   x:test] o.a.s.s.AbstractSpatialPrefixTreeFieldType FieldType SpatialRecursivePrefixTreeFieldType does not allow termPositions to be specified in schema, hardcoded behavior is termPositions=false
2023-04-10 15:47:00.797 WARN  (coreLoadExecutor-13-thread-3) [   x:test] o.a.s.s.AbstractSpatialPrefixTreeFieldType FieldType SpatialRecursivePrefixTreeFieldType does not allow omitPositions to be specified in schema, hardcoded behavior is omitPositions=true
2023-04-10 15:47:01.130 INFO  (coreLoadExecutor-13-thread-2) [   x:danainanch] o.a.s.s.IndexSchema Loaded schema default-config/1.6 with uniqueid field id
2023-04-10 15:47:01.130 INFO  (coreLoadExecutor-13-thread-3) [   x:test] o.a.s.s.IndexSchema Loaded schema default-config/1.6 with uniqueid field id
2023-04-10 15:47:01.130 INFO  (coreLoadExecutor-13-thread-1) [   x:anime] o.a.s.s.IndexSchema Loaded schema default-config/1.6 with uniqueid field id
2023-04-10 15:47:01.161 INFO  (coreLoadExecutor-13-thread-1) [   x:anime] o.a.s.c.CoreContainer Creating SolrCore 'anime' using configuration from instancedir D:\solr workshop\solr-8.11.1\server\solr\anime, trusted=true
2023-04-10 15:47:01.166 INFO  (coreLoadExecutor-13-thread-2) [   x:danainanch] o.a.s.c.CoreContainer Creating SolrCore 'danainanch' using configuration from instancedir D:\solr workshop\solr-8.11.1\server\solr\danainanch, trusted=true
2023-04-10 15:47:01.167 INFO  (coreLoadExecutor-13-thread-3) [   x:test] o.a.s.c.CoreContainer Creating SolrCore 'test' using configuration from instancedir D:\solr workshop\solr-8.11.1\server\solr\test, trusted=true
2023-04-10 15:47:01.187 INFO  (coreLoadExecutor-13-thread-1) [   x:anime] o.a.s.m.r.SolrJmxReporter JMX monitoring for 'solr.core.anime' (registry 'solr.core.anime') enabled at server: com.sun.jmx.mbeanserver.JmxMBeanServer@29f7cefd
2023-04-10 15:47:01.187 INFO  (coreLoadExecutor-13-thread-3) [   x:test] o.a.s.m.r.SolrJmxReporter JMX monitoring for 'solr.core.test' (registry 'solr.core.test') enabled at server: com.sun.jmx.mbeanserver.JmxMBeanServer@29f7cefd
2023-04-10 15:47:01.187 INFO  (coreLoadExecutor-13-thread-2) [   x:danainanch] o.a.s.m.r.SolrJmxReporter JMX monitoring for 'solr.core.danainanch' (registry 'solr.core.danainanch') enabled at server: com.sun.jmx.mbeanserver.JmxMBeanServer@29f7cefd
2023-04-10 15:47:01.197 INFO  (coreLoadExecutor-13-thread-3) [   x:test] o.a.s.c.SolrCore [[test] ] Opening new SolrCore at [D:\solr workshop\solr-8.11.1\server\solr\test], dataDir=[D:\solr workshop\solr-8.11.1\server\solr\test\data\]
2023-04-10 15:47:01.197 INFO  (coreLoadExecutor-13-thread-2) [   x:danainanch] o.a.s.c.SolrCore [[danainanch] ] Opening new SolrCore at [D:\solr workshop\solr-8.11.1\server\solr\danainanch], dataDir=[D:\solr workshop\solr-8.11.1\server\solr\danainanch\data\]
2023-04-10 15:47:01.197 INFO  (coreLoadExecutor-13-thread-1) [   x:anime] o.a.s.c.SolrCore [[anime] ] Opening new SolrCore at [D:\solr workshop\solr-8.11.1\server\solr\anime], dataDir=[D:\solr workshop\solr-8.11.1\server\solr\anime\data\]
2023-04-10 15:47:01.802 INFO  (coreLoadExecutor-13-thread-1) [   x:anime] o.a.s.u.UpdateHandler Using UpdateLog implementation: org.apache.solr.update.UpdateLog
2023-04-10 15:47:01.802 INFO  (coreLoadExecutor-13-thread-2) [   x:danainanch] o.a.s.u.UpdateHandler Using UpdateLog implementation: org.apache.solr.update.UpdateLog
2023-04-10 15:47:01.802 INFO  (coreLoadExecutor-13-thread-3) [   x:test] o.a.s.u.UpdateHandler Using UpdateLog implementation: org.apache.solr.update.UpdateLog
2023-04-10 15:47:01.802 INFO  (coreLoadExecutor-13-thread-2) [   x:danainanch] o.a.s.u.UpdateLog Initializing UpdateLog: dataDir= defaultSyncLevel=FLUSH numRecordsToKeep=100 maxNumLogsToKeep=10 numVersionBuckets=65536
2023-04-10 15:47:01.802 INFO  (coreLoadExecutor-13-thread-1) [   x:anime] o.a.s.u.UpdateLog Initializing UpdateLog: dataDir= defaultSyncLevel=FLUSH numRecordsToKeep=100 maxNumLogsToKeep=10 numVersionBuckets=65536
2023-04-10 15:47:01.802 INFO  (coreLoadExecutor-13-thread-3) [   x:test] o.a.s.u.UpdateLog Initializing UpdateLog: dataDir= defaultSyncLevel=FLUSH numRecordsToKeep=100 maxNumLogsToKeep=10 numVersionBuckets=65536
2023-04-10 15:47:01.830 INFO  (coreLoadExecutor-13-thread-1) [   x:anime] o.a.s.u.CommitTracker Hard AutoCommit: if uncommitted for 15000ms; 
2023-04-10 15:47:01.830 INFO  (coreLoadExecutor-13-thread-2) [   x:danainanch] o.a.s.u.CommitTracker Hard AutoCommit: if uncommitted for 15000ms; 
2023-04-10 15:47:01.830 INFO  (coreLoadExecutor-13-thread-3) [   x:test] o.a.s.u.CommitTracker Hard AutoCommit: if uncommitted for 15000ms; 
2023-04-10 15:47:01.830 INFO  (coreLoadExecutor-13-thread-2) [   x:danainanch] o.a.s.u.CommitTracker Soft AutoCommit: disabled
2023-04-10 15:47:01.830 INFO  (coreLoadExecutor-13-thread-3) [   x:test] o.a.s.u.CommitTracker Soft AutoCommit: disabled
2023-04-10 15:47:01.831 INFO  (coreLoadExecutor-13-thread-1) [   x:anime] o.a.s.u.CommitTracker Soft AutoCommit: disabled
2023-04-10 15:47:02.050 INFO  (coreLoadExecutor-13-thread-1) [   x:anime] o.a.s.r.ManagedResourceStorage File-based storage initialized to use dir: D:\solr workshop\solr-8.11.1\server\solr\anime\conf
2023-04-10 15:47:02.050 INFO  (coreLoadExecutor-13-thread-3) [   x:test] o.a.s.r.ManagedResourceStorage File-based storage initialized to use dir: D:\solr workshop\solr-8.11.1\server\solr\test\conf
2023-04-10 15:47:02.060 INFO  (coreLoadExecutor-13-thread-3) [   x:test] o.a.s.h.c.SpellCheckComponent Initializing spell checkers
2023-04-10 15:47:02.060 INFO  (coreLoadExecutor-13-thread-1) [   x:anime] o.a.s.h.c.SpellCheckComponent Initializing spell checkers
2023-04-10 15:47:02.065 INFO  (coreLoadExecutor-13-thread-3) [   x:test] o.a.s.s.DirectSolrSpellChecker init: {name=default,field=_text_,classname=solr.DirectSolrSpellChecker,distanceMeasure=internal,accuracy=0.5,maxQueryFrequency=0.01,maxEdits=2,minPrefix=1,maxInspections=5,minQueryLength=4}
2023-04-10 15:47:02.065 INFO  (coreLoadExecutor-13-thread-1) [   x:anime] o.a.s.s.DirectSolrSpellChecker init: {name=default,field=_text_,classname=solr.DirectSolrSpellChecker,distanceMeasure=internal,accuracy=0.5,maxQueryFrequency=0.01,maxEdits=2,minPrefix=1,maxInspections=5,minQueryLength=4}
2023-04-10 15:47:02.075 INFO  (coreLoadExecutor-13-thread-3) [   x:test] o.a.s.h.ReplicationHandler Commits will be reserved for 10000 ms
2023-04-10 15:47:02.075 INFO  (coreLoadExecutor-13-thread-1) [   x:anime] o.a.s.h.ReplicationHandler Commits will be reserved for 10000 ms
2023-04-10 15:47:02.091 INFO  (searcherExecutor-19-thread-1-processing-x:anime) [   x:anime] o.a.s.c.QuerySenderListener QuerySenderListener done.
2023-04-10 15:47:02.091 INFO  (searcherExecutor-19-thread-1-processing-x:anime) [   x:anime] o.a.s.h.c.SpellCheckComponent Loading spell index for spellchecker: default
2023-04-10 15:47:02.091 INFO  (searcherExecutor-17-thread-1-processing-x:test) [   x:test] o.a.s.c.QuerySenderListener QuerySenderListener done.
2023-04-10 15:47:02.092 INFO  (searcherExecutor-17-thread-1-processing-x:test) [   x:test] o.a.s.h.c.SpellCheckComponent Loading spell index for spellchecker: default
2023-04-10 15:47:02.098 INFO  (searcherExecutor-19-thread-1-processing-x:anime) [   x:anime] o.a.s.c.SolrCore [anime]  Registered new searcher autowarm time: 0 ms
2023-04-10 15:47:02.098 INFO  (searcherExecutor-17-thread-1-processing-x:test) [   x:test] o.a.s.c.SolrCore [test]  Registered new searcher autowarm time: 0 ms
2023-04-10 15:47:02.174 INFO  (coreLoadExecutor-13-thread-2) [   x:danainanch] o.a.s.r.ManagedResourceStorage File-based storage initialized to use dir: D:\solr workshop\solr-8.11.1\server\solr\danainanch\conf
2023-04-10 15:47:02.174 INFO  (coreLoadExecutor-13-thread-2) [   x:danainanch] o.a.s.h.c.SpellCheckComponent Initializing spell checkers
2023-04-10 15:47:02.174 INFO  (coreLoadExecutor-13-thread-2) [   x:danainanch] o.a.s.s.DirectSolrSpellChecker init: {name=default,field=_text_,classname=solr.DirectSolrSpellChecker,distanceMeasure=internal,accuracy=0.5,maxQueryFrequency=0.01,maxEdits=2,minPrefix=1,maxInspections=5,minQueryLength=4}
2023-04-10 15:47:02.175 INFO  (coreLoadExecutor-13-thread-2) [   x:danainanch] o.a.s.h.ReplicationHandler Commits will be reserved for 10000 ms
2023-04-10 15:47:02.177 INFO  (searcherExecutor-18-thread-1-processing-x:danainanch) [   x:danainanch] o.a.s.c.QuerySenderListener QuerySenderListener done.
2023-04-10 15:47:02.177 INFO  (searcherExecutor-18-thread-1-processing-x:danainanch) [   x:danainanch] o.a.s.h.c.SpellCheckComponent Loading spell index for spellchecker: default
2023-04-10 15:47:02.179 INFO  (searcherExecutor-18-thread-1-processing-x:danainanch) [   x:danainanch] o.a.s.c.SolrCore [danainanch]  Registered new searcher autowarm time: 0 ms
2023-04-10 15:47:04.672 INFO  (qtp222427158-27) [   ] o.a.s.s.HttpSolrCall [admin] webapp=null path=/admin/info/system params={wt=json} status=0 QTime=23
2023-04-10 15:49:05.209 INFO  (qtp222427158-54) [   ] o.a.s.s.HttpSolrCall [admin] webapp=null path=/admin/cores params={indexInfo=false&wt=json&_=1681141745010} status=0 QTime=1
2023-04-10 15:49:05.235 INFO  (qtp222427158-74) [   ] o.a.s.s.HttpSolrCall [admin] webapp=null path=/admin/info/system params={wt=json&_=1681141745012} status=0 QTime=26
2023-04-10 15:49:05.345 INFO  (qtp222427158-66) [   ] o.a.s.s.HttpSolrCall [admin] webapp=null path=/admin/info/system params={wt=json&_=1681141745012} status=0 QTime=22
2023-04-10 15:49:09.715 INFO  (qtp222427158-66) [   ] o.a.s.s.HttpSolrCall [admin] webapp=null path=/admin/cores params={indexInfo=false&wt=json&_=1681141745010} status=0 QTime=0
2023-04-10 15:49:09.719 INFO  (qtp222427158-28) [   x:anime] o.a.s.c.S.Request [anime]  webapp=/solr path=/admin/ping params={action=status&wt=json&_=1681141745012&ts=1681141745012} status=503 QTime=2
2023-04-10 15:49:09.722 INFO  (qtp222427158-74) [   x:anime] o.a.s.c.S.Request [anime]  webapp=/solr path=/replication params={wt=json&command=details&_=1681141749665} status=0 QTime=5
2023-04-10 15:49:09.724 INFO  (qtp222427158-66) [   x:anime] o.a.s.c.S.Request [anime]  webapp=/solr path=/admin/luke params={numTerms=0&show=index&wt=json&_=1681141749665} status=0 QTime=6
2023-04-10 15:49:09.754 INFO  (qtp222427158-54) [   ] o.a.s.s.HttpSolrCall [admin] webapp=null path=/admin/info/system params={wt=json&_=1681141745012} status=0 QTime=40
2023-04-10 15:49:09.758 INFO  (qtp222427158-62) [   x:anime] o.a.s.c.S.Request [anime]  webapp=/solr path=/admin/system params={wt=json&_=1681141749665} status=0 QTime=41
2023-04-10 15:49:12.715 INFO  (qtp222427158-66) [   ] o.a.s.s.HttpSolrCall [admin] webapp=null path=/admin/cores params={indexInfo=false&wt=json&_=1681141745010} status=0 QTime=0
2023-04-10 15:49:12.736 INFO  (qtp222427158-62) [   ] o.a.s.s.HttpSolrCall [admin] webapp=null path=/admin/info/system params={wt=json&_=1681141745012} status=0 QTime=21
2023-04-10 15:49:14.281 INFO  (qtp222427158-66) [   x:anime] o.a.s.c.S.Request [anime]  webapp=/solr path=/select params={q=*:*&indent=true&q.op=OR&_=1681141752664} hits=300 status=0 QTime=34
2023-04-10 15:49:14.402 INFO  (qtp222427158-74) [   ] o.a.s.s.HttpSolrCall [admin] webapp=null path=/admin/cores params={indexInfo=false&wt=json&_=1681141745010} status=0 QTime=0
2023-04-10 15:49:14.405 INFO  (qtp222427158-25) [   x:anime] o.a.s.c.S.Request [anime]  webapp=/solr path=/select params={q=*:*&indent=true&q.op=OR&_=1681141752664} hits=300 status=0 QTime=1
2023-04-10 15:49:14.423 INFO  (qtp222427158-54) [   ] o.a.s.s.HttpSolrCall [admin] webapp=null path=/admin/info/system params={wt=json&_=1681141745012} status=0 QTime=21
2023-04-10 15:52:23.163 INFO  (qtp222427158-26) [   x:anime] o.a.s.c.S.Request [anime]  webapp=/solr path=/select params={q=*:*&facet.field=aired&indent=true&start=0&q.op=OR&facet.mincount=1&rows=0&facet=true&wt=json} hits=300 status=0 QTime=12
2023-04-10 15:52:23.201 INFO  (qtp222427158-62) [   x:anime] o.a.s.c.S.Request [anime]  webapp=/solr path=/select params={q=_text_:**&facet.field=title&facet.field=genre&indent=true&start=0&q.op=OR&facet.mincount=1&rows=300&facet=true&wt=json} hits=300 status=0 QTime=50
2023-04-10 15:56:18.025 INFO  (qtp222427158-82) [   x:anime] o.a.s.c.S.Request [anime]  webapp=/solr path=/select params={q=*:*&facet.field=aired&indent=true&start=0&q.op=OR&facet.mincount=1&rows=0&facet=true&wt=json} hits=300 status=0 QTime=1
2023-04-10 15:56:18.044 INFO  (qtp222427158-59) [   x:anime] o.a.s.c.S.Request [anime]  webapp=/solr path=/select params={q=_text_:**&facet.field=title&facet.field=genre&indent=true&start=0&q.op=OR&facet.mincount=1&rows=300&facet=true&wt=json} hits=300 status=0 QTime=20
2023-04-10 15:56:30.674 INFO  (qtp222427158-26) [   x:anime] o.a.s.c.S.Request [anime]  webapp=/solr path=/select params={q=*:*&facet.field=aired&indent=true&start=0&q.op=OR&facet.mincount=1&rows=0&facet=true&wt=json} hits=300 status=0 QTime=0
2023-04-10 15:56:30.682 INFO  (qtp222427158-62) [   x:anime] o.a.s.c.S.Request [anime]  webapp=/solr path=/select params={q=_text_:**&facet.field=title&facet.field=genre&indent=true&start=0&q.op=OR&facet.mincount=1&rows=300&facet=true&wt=json} hits=300 status=0 QTime=8
2023-04-10 16:02:08.572 INFO  (qtp222427158-74) [   ] o.a.s.s.HttpSolrCall [admin] webapp=null path=/admin/cores params={indexInfo=false&wt=json&_=1681142528500} status=0 QTime=0
2023-04-10 16:02:08.598 INFO  (qtp222427158-66) [   ] o.a.s.s.HttpSolrCall [admin] webapp=null path=/admin/info/system params={wt=json&_=1681142528500} status=0 QTime=24
2023-04-10 16:02:08.699 INFO  (qtp222427158-74) [   ] o.a.s.s.HttpSolrCall [admin] webapp=null path=/admin/info/system params={wt=json&_=1681142528500} status=0 QTime=23
2023-04-10 16:05:12.344 INFO  (qtp222427158-59) [   x:anime] o.a.s.c.S.Request [anime]  webapp=/solr path=/select params={q=_text_:**&facet.field=title&facet.field=genre&indent=true&start=0&q.op=OR&facet.mincount=1&rows=300&facet=true&wt=json} hits=300 status=0 QTime=5
2023-04-10 16:08:40.378 INFO  (qtp222427158-52) [   x:anime] o.a.s.c.S.Request [anime]  webapp=/solr path=/select params={q=*:*&facet.field=aired&indent=true&start=0&q.op=OR&facet.mincount=1&rows=0&facet=true&wt=json} hits=300 status=0 QTime=0
2023-04-10 16:08:43.883 INFO  (qtp222427158-66) [   x:anime] o.a.s.c.S.Request [anime]  webapp=/solr path=/select params={q=_text_:**&facet.field=title&facet.field=genre&indent=true&start=0&q.op=OR&facet.mincount=1&rows=300&facet=true&wt=json} hits=300 status=0 QTime=5
2023-04-10 16:08:50.220 INFO  (qtp222427158-59) [   x:anime] o.a.s.c.S.Request [anime]  webapp=/solr path=/select params={q=_text_:**&facet.field=title&facet.field=genre&indent=true&start=0&q.op=OR&facet.mincount=1&rows=300&facet=true&wt=json} hits=300 status=0 QTime=3
2023-04-10 16:47:19.129 INFO  (qtp222427158-84) [   x:anime] o.a.s.c.S.Request [anime]  webapp=/solr path=/select params={q=_text_:**&facet.field=title&facet.field=genre&indent=true&start=0&q.op=OR&facet.mincount=1&rows=300&facet=true&wt=json} hits=300 status=0 QTime=3
2023-04-10 16:47:28.656 INFO  (qtp222427158-59) [   x:anime] o.a.s.c.S.Request [anime]  webapp=/solr path=/select params={q=_text_:**&facet.field=title&facet.field=genre&indent=true&start=0&q.op=OR&facet.mincount=1&rows=300&facet=true&wt=json} hits=300 status=0 QTime=2
2023-04-10 16:47:34.759 INFO  (qtp222427158-97) [   x:anime] o.a.s.c.S.Request [anime]  webapp=/solr path=/select params={q=_text_:**&facet.field=title&facet.field=genre&indent=true&start=0&q.op=OR&facet.mincount=1&rows=300&facet=true&wt=json} hits=300 status=0 QTime=8
2023-04-10 16:49:03.320 INFO  (qtp222427158-97) [   x:anime] o.a.s.c.S.Request [anime]  webapp=/solr path=/select params={q=*:*&facet.field=aired&indent=true&start=0&q.op=OR&facet.mincount=1&rows=0&facet=true&wt=json} hits=300 status=0 QTime=0
2023-04-10 16:49:03.323 INFO  (qtp222427158-62) [   x:anime] o.a.s.c.S.Request [anime]  webapp=/solr path=/select params={q=_text_:**&facet.field=title&facet.field=genre&indent=true&start=0&q.op=OR&facet.mincount=1&rows=300&facet=true&wt=json} hits=300 status=0 QTime=4
2023-04-10 16:51:02.831 INFO  (qtp222427158-99) [   x:anime] o.a.s.c.S.Request [anime]  webapp=/solr path=/select params={q=*:*&facet.field=aired&indent=true&start=0&q.op=OR&facet.mincount=1&rows=0&facet=true&wt=json} hits=300 status=0 QTime=0
2023-04-10 16:51:02.835 INFO  (qtp222427158-26) [   x:anime] o.a.s.c.S.Request [anime]  webapp=/solr path=/select params={q=_text_:**&facet.field=title&facet.field=genre&indent=true&start=0&q.op=OR&facet.mincount=1&rows=300&facet=true&wt=json} hits=300 status=0 QTime=4
2023-04-10 16:51:12.087 INFO  (qtp222427158-62) [   x:anime] o.a.s.c.S.Request [anime]  webapp=/solr path=/select params={q=id:d6a42815-6816-46bd-ae99-a885cf31b4e6&facet.field=title&facet.field=genre&indent=true&q.op=OR&facet.mincount=1&facet=true&wt=json} hits=1 status=0 QTime=7
2023-04-10 16:51:14.232 INFO  (qtp222427158-26) [   x:anime] o.a.s.c.S.Request [anime]  webapp=/solr path=/select params={q=*:*&facet.field=aired&indent=true&start=0&q.op=OR&facet.mincount=1&rows=0&facet=true&wt=json} hits=300 status=0 QTime=0
2023-04-10 16:51:14.242 INFO  (qtp222427158-97) [   x:anime] o.a.s.c.S.Request [anime]  webapp=/solr path=/select params={q=_text_:**&facet.field=title&facet.field=genre&indent=true&start=0&q.op=OR&facet.mincount=1&rows=300&facet=true&wt=json} hits=300 status=0 QTime=10
2023-04-10 16:51:14.952 INFO  (qtp222427158-99) [   x:anime] o.a.s.c.S.Request [anime]  webapp=/solr path=/select params={q=id:7b17885e-f3b4-4888-92c3-6a8611d88af6&facet.field=title&facet.field=genre&indent=true&q.op=OR&facet.mincount=1&facet=true&wt=json} hits=1 status=0 QTime=0
2023-04-10 16:51:16.111 INFO  (qtp222427158-54) [   x:anime] o.a.s.c.S.Request [anime]  webapp=/solr path=/select params={q=genre:"Action"&indent=true&start=0&q.op=OR&rows=300} hits=4 status=0 QTime=0
2023-04-10 16:51:16.453 INFO  (qtp222427158-97) [   x:anime] o.a.s.c.S.Request [anime]  webapp=/solr path=/select params={q=genre:"++Adventure"&indent=true&start=0&q.op=OR&rows=300} hits=0 status=0 QTime=0
2023-04-10 16:51:16.813 INFO  (qtp222427158-26) [   x:anime] o.a.s.c.S.Request [anime]  webapp=/solr path=/select params={q=genre:"++Comedy"&indent=true&start=0&q.op=OR&rows=300} hits=0 status=0 QTime=0
2023-04-10 16:51:17.194 INFO  (qtp222427158-99) [   x:anime] o.a.s.c.S.Request [anime]  webapp=/solr path=/select params={q=genre:"++Drama"&indent=true&start=0&q.op=OR&rows=300} hits=0 status=0 QTime=0
2023-04-10 16:51:17.489 INFO  (qtp222427158-54) [   x:anime] o.a.s.c.S.Request [anime]  webapp=/solr path=/select params={q=genre:"++Fantasy"&indent=true&start=0&q.op=OR&rows=300} hits=0 status=0 QTime=0
2023-04-10 16:51:19.826 INFO  (qtp222427158-26) [   x:anime] o.a.s.c.S.Request [anime]  webapp=/solr path=/select params={q=*:*&facet.field=aired&indent=true&start=0&q.op=OR&facet.mincount=1&rows=0&facet=true&wt=json} hits=300 status=0 QTime=0
2023-04-10 16:51:19.830 INFO  (qtp222427158-97) [   x:anime] o.a.s.c.S.Request [anime]  webapp=/solr path=/select params={q=_text_:**&facet.field=title&facet.field=genre&indent=true&start=0&q.op=OR&facet.mincount=1&rows=300&facet=true&wt=json} hits=300 status=0 QTime=3
2023-04-10 16:51:20.950 INFO  (qtp222427158-99) [   x:anime] o.a.s.c.S.Request [anime]  webapp=/solr path=/select params={q=id:c490be0b-bf79-4795-aad7-6444045a40fa&facet.field=title&facet.field=genre&indent=true&q.op=OR&facet.mincount=1&facet=true&wt=json} hits=1 status=0 QTime=0
2023-04-10 16:51:21.745 INFO  (qtp222427158-97) [   x:anime] o.a.s.c.S.Request [anime]  webapp=/solr path=/select params={q=*:*&facet.field=aired&indent=true&start=0&q.op=OR&facet.mincount=1&rows=0&facet=true&wt=json} hits=300 status=0 QTime=0
2023-04-10 16:51:21.748 INFO  (qtp222427158-54) [   x:anime] o.a.s.c.S.Request [anime]  webapp=/solr path=/select params={q=_text_:**&facet.field=title&facet.field=genre&indent=true&start=0&q.op=OR&facet.mincount=1&rows=300&facet=true&wt=json} hits=300 status=0 QTime=3
2023-04-10 16:51:30.453 INFO  (qtp222427158-26) [   x:anime] o.a.s.c.S.Request [anime]  webapp=/solr path=/select params={q=id:b5d1d6e5-5106-450b-ac10-422d29fcd532&facet.field=title&facet.field=genre&indent=true&q.op=OR&facet.mincount=1&facet=true&wt=json} hits=1 status=0 QTime=0
2023-04-10 16:51:32.784 INFO  (qtp222427158-54) [   x:anime] o.a.s.c.S.Request [anime]  webapp=/solr path=/select params={q=*:*&facet.field=aired&indent=true&start=0&q.op=OR&facet.mincount=1&rows=0&facet=true&wt=json} hits=300 status=0 QTime=0
2023-04-10 16:51:32.788 INFO  (qtp222427158-99) [   x:anime] o.a.s.c.S.Request [anime]  webapp=/solr path=/select params={q=_text_:**&facet.field=title&facet.field=genre&indent=true&start=0&q.op=OR&facet.mincount=1&rows=300&facet=true&wt=json} hits=300 status=0 QTime=4
2023-04-10 16:56:25.233 INFO  (qtp222427158-83) [   x:anime] o.a.s.c.S.Request [anime]  webapp=/solr path=/select params={q=_text_:**&facet.field=title&facet.field=genre&indent=true&start=0&q.op=OR&facet.mincount=1&rows=300&facet=true&wt=json} hits=300 status=0 QTime=2
2023-04-10 16:58:55.512 INFO  (qtp222427158-99) [   x:anime] o.a.s.c.S.Request [anime]  webapp=/solr path=/select params={q=*:*&facet.field=aired&indent=true&start=0&q.op=OR&facet.mincount=1&rows=0&facet=true&wt=json} hits=300 status=0 QTime=0
2023-04-10 16:58:55.512 INFO  (qtp222427158-26) [   x:anime] o.a.s.c.S.Request [anime]  webapp=/solr path=/select params={q=_text_:**&facet.field=title&facet.field=genre&indent=true&start=0&q.op=OR&facet.mincount=1&rows=300&facet=true&wt=json} hits=300 status=0 QTime=3
2023-04-10 17:01:59.447 INFO  (qtp222427158-54) [   x:anime] o.a.s.c.S.Request [anime]  webapp=/solr path=/select params={q=_text_:**&facet.field=title&facet.field=genre&indent=true&start=0&q.op=OR&facet.mincount=1&rows=300&facet=true&wt=json} hits=300 status=0 QTime=4
2023-04-10 17:09:49.030 INFO  (qtp222427158-69) [   x:anime] o.a.s.c.S.Request [anime]  webapp=/solr path=/select params={q=_text_:**&facet.field=title&facet.field=genre&indent=true&start=0&q.op=OR&facet.mincount=1&rows=300&facet=true&wt=json} hits=300 status=0 QTime=2
2023-04-10 17:13:51.289 INFO  (qtp222427158-98) [   x:anime] o.a.s.c.S.Request [anime]  webapp=/solr path=/select params={q=_text_:**&facet.field=title&facet.field=genre&indent=true&start=0&q.op=OR&facet.mincount=1&rows=300&facet=true&wt=json} hits=300 status=0 QTime=9
2023-04-10 17:25:02.235 INFO  (qtp222427158-66) [   x:anime] o.a.s.c.S.Request [anime]  webapp=/solr path=/select params={q=_text_:**&facet.field=title&facet.field=genre&indent=true&start=0&q.op=OR&facet.mincount=1&rows=300&facet=true&wt=json} hits=300 status=0 QTime=3
2023-04-10 17:28:19.392 INFO  (qtp222427158-60) [   x:anime] o.a.s.c.S.Request [anime]  webapp=/solr path=/select params={q=id:7f359033-e725-47ca-8140-1c17acedd1d5&facet.field=title&facet.field=genre&indent=true&q.op=OR&facet.mincount=1&facet=true&wt=json} hits=1 status=0 QTime=3
2023-04-10 17:28:28.762 INFO  (qtp222427158-63) [   x:anime] o.a.s.c.S.Request [anime]  webapp=/solr path=/select params={q=id:7f359033-e725-47ca-8140-1c17acedd1d5&facet.field=title&facet.field=genre&indent=true&q.op=OR&facet.mincount=1&facet=true&wt=json} hits=1 status=0 QTime=0
2023-04-10 17:28:44.596 INFO  (qtp222427158-99) [   x:anime] o.a.s.c.S.Request [anime]  webapp=/solr path=/select params={q=id:7f359033-e725-47ca-8140-1c17acedd1d5&facet.field=title&facet.field=genre&indent=true&q.op=OR&facet.mincount=1&facet=true&wt=json} hits=1 status=0 QTime=0
2023-04-10 17:29:28.266 INFO  (qtp222427158-26) [   x:anime] o.a.s.c.S.Request [anime]  webapp=/solr path=/select params={q=id:7f359033-e725-47ca-8140-1c17acedd1d5&facet.field=title&facet.field=genre&indent=true&q.op=OR&facet.mincount=1&facet=true&wt=json} hits=1 status=0 QTime=0
2023-04-10 17:29:28.884 INFO  (qtp222427158-54) [   x:anime] o.a.s.c.S.Request [anime]  webapp=/solr path=/select params={q=id:7f359033-e725-47ca-8140-1c17acedd1d5&facet.field=title&facet.field=genre&indent=true&q.op=OR&facet.mincount=1&facet=true&wt=json} hits=1 status=0 QTime=0
2023-04-10 17:30:15.968 INFO  (qtp222427158-26) [   x:anime] o.a.s.c.S.Request [anime]  webapp=/solr path=/select params={q=id:7f359033-e725-47ca-8140-1c17acedd1d5&facet.field=title&facet.field=genre&indent=true&q.op=OR&facet.mincount=1&facet=true&wt=json} hits=1 status=0 QTime=0
2023-04-10 17:31:04.755 INFO  (qtp222427158-60) [   x:anime] o.a.s.c.S.Request [anime]  webapp=/solr path=/select params={q=id:7f359033-e725-47ca-8140-1c17acedd1d5&facet.field=title&facet.field=genre&indent=true&q.op=OR&facet.mincount=1&facet=true&wt=json} hits=1 status=0 QTime=0
2023-04-10 17:32:32.299 INFO  (qtp222427158-26) [   x:anime] o.a.s.c.S.Request [anime]  webapp=/solr path=/select params={q=id:7f359033-e725-47ca-8140-1c17acedd1d5&facet.field=title&facet.field=genre&indent=true&q.op=OR&facet.mincount=1&facet=true&wt=json} hits=1 status=0 QTime=0
2023-04-10 17:35:05.560 INFO  (qtp222427158-99) [   x:anime] o.a.s.c.S.Request [anime]  webapp=/solr path=/select params={q=id:7f359033-e725-47ca-8140-1c17acedd1d5&facet.field=title&facet.field=genre&indent=true&q.op=OR&facet.mincount=1&facet=true&wt=json} hits=1 status=0 QTime=0
2023-04-10 17:43:24.621 INFO  (qtp222427158-63) [   x:anime] o.a.s.c.S.Request [anime]  webapp=/solr path=/select params={q=*:*&facet.field=aired&indent=true&start=0&q.op=OR&facet.mincount=1&rows=0&facet=true&wt=json} hits=300 status=0 QTime=0
2023-04-10 17:53:29.708 INFO  (ShutdownMonitor) [   ] o.e.j.s.AbstractConnector Stopped ServerConnector@792bbc74{HTTP/1.1, (http/1.1, h2c)}{0.0.0.0:8983}
2023-04-10 17:53:29.708 INFO  (ShutdownMonitor) [   ] o.e.j.s.session node0 Stopped scavenging
2023-04-10 17:53:29.713 INFO  (ShutdownMonitor) [   ] o.a.s.c.CoreContainer Shutting down CoreContainer instance=214055354
2023-04-10 17:53:29.718 INFO  (coreCloseExecutor-33-thread-1) [   ] o.a.s.c.SolrCore [anime]  CLOSING SolrCore org.apache.solr.core.SolrCore@70b0f8d3
2023-04-10 17:53:29.718 INFO  (coreCloseExecutor-33-thread-1) [   ] o.a.s.m.SolrMetricManager Closing metric reporters for registry=solr.core.anime tag=SolrCore@70b0f8d3
2023-04-10 17:53:29.718 INFO  (coreCloseExecutor-33-thread-2) [   ] o.a.s.c.SolrCore [test]  CLOSING SolrCore org.apache.solr.core.SolrCore@719c7577
2023-04-10 17:53:29.718 INFO  (coreCloseExecutor-33-thread-3) [   ] o.a.s.c.SolrCore [danainanch]  CLOSING SolrCore org.apache.solr.core.SolrCore@7fc05e12
2023-04-10 17:53:29.719 INFO  (coreCloseExecutor-33-thread-1) [   ] o.a.s.m.r.SolrJmxReporter Closing reporter [org.apache.solr.metrics.reporters.SolrJmxReporter@51c29ee0: rootName = null, domain = solr.core.anime, service url = null, agent id = null] for registry solr.core.anime/com.codahale.metrics.MetricRegistry@ab35ef3
2023-04-10 17:53:29.730 INFO  (coreCloseExecutor-33-thread-2) [   ] o.a.s.m.SolrMetricManager Closing metric reporters for registry=solr.core.test tag=SolrCore@719c7577
2023-04-10 17:53:29.730 INFO  (coreCloseExecutor-33-thread-2) [   ] o.a.s.m.r.SolrJmxReporter Closing reporter [org.apache.solr.metrics.reporters.SolrJmxReporter@583f2743: rootName = null, domain = solr.core.test, service url = null, agent id = null] for registry solr.core.test/com.codahale.metrics.MetricRegistry@336a75df
2023-04-10 17:53:29.736 INFO  (coreCloseExecutor-33-thread-1) [   ] o.a.s.u.DirectUpdateHandler2 Committing on IndexWriter.close()  ... SKIPPED (unnecessary).
2023-04-10 17:53:29.738 INFO  (coreCloseExecutor-33-thread-3) [   ] o.a.s.m.SolrMetricManager Closing metric reporters for registry=solr.core.danainanch tag=SolrCore@7fc05e12
2023-04-10 17:53:29.738 INFO  (coreCloseExecutor-33-thread-3) [   ] o.a.s.m.r.SolrJmxReporter Closing reporter [org.apache.solr.metrics.reporters.SolrJmxReporter@4f6c100: rootName = null, domain = solr.core.danainanch, service url = null, agent id = null] for registry solr.core.danainanch/com.codahale.metrics.MetricRegistry@7bab77cc
2023-04-10 17:53:29.740 INFO  (coreCloseExecutor-33-thread-2) [   ] o.a.s.u.DirectUpdateHandler2 Committing on IndexWriter.close()  ... SKIPPED (unnecessary).
2023-04-10 17:53:29.746 INFO  (coreCloseExecutor-33-thread-3) [   ] o.a.s.u.DirectUpdateHandler2 Committing on IndexWriter.close()  ... SKIPPED (unnecessary).
2023-04-10 17:53:29.756 INFO  (ShutdownMonitor) [   ] o.a.s.m.SolrMetricManager Closing metric reporters for registry=solr.node tag=null
2023-04-10 17:53:29.756 INFO  (ShutdownMonitor) [   ] o.a.s.m.r.SolrJmxReporter Closing reporter [org.apache.solr.metrics.reporters.SolrJmxReporter@42a0501e: rootName = null, domain = solr.node, service url = null, agent id = null] for registry solr.node/com.codahale.metrics.MetricRegistry@470cd5c9
2023-04-10 17:53:29.759 INFO  (ShutdownMonitor) [   ] o.a.s.m.SolrMetricManager Closing metric reporters for registry=solr.jvm tag=null
2023-04-10 17:53:29.759 INFO  (ShutdownMonitor) [   ] o.a.s.m.r.SolrJmxReporter Closing reporter [org.apache.solr.metrics.reporters.SolrJmxReporter@656f62dc: rootName = null, domain = solr.jvm, service url = null, agent id = null] for registry solr.jvm/com.codahale.metrics.MetricRegistry@2865a027
2023-04-10 17:53:29.760 INFO  (ShutdownMonitor) [   ] o.a.s.m.SolrMetricManager Closing metric reporters for registry=solr.jetty tag=null
2023-04-10 17:53:29.760 INFO  (ShutdownMonitor) [   ] o.a.s.m.r.SolrJmxReporter Closing reporter [org.apache.solr.metrics.reporters.SolrJmxReporter@49d30c6f: rootName = null, domain = solr.jetty, service url = null, agent id = null] for registry solr.jetty/com.codahale.metrics.MetricRegistry@40e0cea
2023-04-10 17:53:29.776 INFO  (ShutdownMonitor) [   ] o.e.j.s.h.ContextHandler Stopped o.e.j.w.WebAppContext@4b6579e8{/solr,null,STOPPED}{D:\solr workshop\solr-8.11.1\server/solr-webapp/webapp}
